2026-04-09 09:30:11.914 [http-nio-8080-exec-2] INFO  com.cy.interceptor.JwtTokenInterceptor - jwt校验:eyJhbGciOiJIUzI1NiJ9.eyJleHAiOjI0OTU2NTM1ODcsInVzZXJJZCI6MX0.Bo6h6iRc0N3bLlBEKhFsz35T_lijtl5L8EqfkjIlNnE
2026-04-09 09:30:11.914 [http-nio-8080-exec-3] INFO  com.cy.interceptor.JwtTokenInterceptor - jwt校验:eyJhbGciOiJIUzI1NiJ9.eyJleHAiOjI0OTU2NTM1ODcsInVzZXJJZCI6MX0.Bo6h6iRc0N3bLlBEKhFsz35T_lijtl5L8EqfkjIlNnE
2026-04-09 09:30:12.434 [http-nio-8080-exec-2] DEBUG com.cy.mapper.UserBodyProfileMapper.selectList - ==>  Preparing: SELECT id,user_id,height,weight,body_fat,age,bmi,bmr,target_calories,update_time FROM user_body_profile WHERE (user_id = ?) limit 1
2026-04-09 09:30:12.441 [http-nio-8080-exec-2] DEBUG com.cy.mapper.UserBodyProfileMapper.selectList - ==> Parameters: 1(Long)
2026-04-09 09:30:12.475 [http-nio-8080-exec-2] DEBUG com.cy.mapper.UserBodyProfileMapper.selectList - <==      Total: 1
2026-04-09 09:30:12.563 [http-nio-8080-exec-4] INFO  com.cy.interceptor.JwtTokenInterceptor - jwt校验:eyJhbGciOiJIUzI1NiJ9.eyJleHAiOjI0OTU2NTM1ODcsInVzZXJJZCI6MX0.Bo6h6iRc0N3bLlBEKhFsz35T_lijtl5L8EqfkjIlNnE
2026-04-09 09:30:12.565 [http-nio-8080-exec-3] DEBUG com.cy.mapper.UserProfileMapper.selectList - ==>  Preparing: SELECT id,user_id,nickname,avatar,gender FROM user_profile WHERE (user_id = ?) limit 1
2026-04-09 09:30:12.566 [http-nio-8080-exec-3] DEBUG com.cy.mapper.UserProfileMapper.selectList - ==> Parameters: 1(Long)
2026-04-09 09:30:12.597 [http-nio-8080-exec-3] DEBUG com.cy.mapper.UserProfileMapper.selectList - <==      Total: 1
2026-04-09 09:30:12.666 [http-nio-8080-exec-5] INFO  com.cy.interceptor.JwtTokenInterceptor - jwt校验:eyJhbGciOiJIUzI1NiJ9.eyJleHAiOjI0OTU2NTM1ODcsInVzZXJJZCI6MX0.Bo6h6iRc0N3bLlBEKhFsz35T_lijtl5L8EqfkjIlNnE
2026-04-09 09:30:12.682 [http-nio-8080-exec-6] INFO  com.cy.interceptor.JwtTokenInterceptor - jwt校验:eyJhbGciOiJIUzI1NiJ9.eyJleHAiOjI0OTU2NTM1ODcsInVzZXJJZCI6MX0.Bo6h6iRc0N3bLlBEKhFsz35T_lijtl5L8EqfkjIlNnE
2026-04-09 09:30:12.682 [http-nio-8080-exec-1] INFO  com.cy.interceptor.JwtTokenInterceptor - jwt校验:eyJhbGciOiJIUzI1NiJ9.eyJleHAiOjI0OTU2NTM1ODcsInVzZXJJZCI6MX0.Bo6h6iRc0N3bLlBEKhFsz35T_lijtl5L8EqfkjIlNnE
2026-04-09 09:30:12.684 [http-nio-8080-exec-4] DEBUG com.cy.mapper.UserBodyProfileMapper.selectList - ==>  Preparing: SELECT id,user_id,height,weight,body_fat,age,bmi,bmr,target_calories,update_time FROM user_body_profile WHERE (user_id = ?) limit 1
2026-04-09 09:30:12.684 [http-nio-8080-exec-7] INFO  com.cy.interceptor.JwtTokenInterceptor - jwt校验:eyJhbGciOiJIUzI1NiJ9.eyJleHAiOjI0OTU2NTM1ODcsInVzZXJJZCI6MX0.Bo6h6iRc0N3bLlBEKhFsz35T_lijtl5L8EqfkjIlNnE
2026-04-09 09:30:12.684 [http-nio-8080-exec-10] INFO  com.cy.interceptor.JwtTokenInterceptor - jwt校验:eyJhbGciOiJIUzI1NiJ9.eyJleHAiOjI0OTU2NTM1ODcsInVzZXJJZCI6MX0.Bo6h6iRc0N3bLlBEKhFsz35T_lijtl5L8EqfkjIlNnE
2026-04-09 09:30:12.684 [http-nio-8080-exec-4] DEBUG com.cy.mapper.UserBodyProfileMapper.selectList - ==> Parameters: 1(Long)
2026-04-09 09:30:12.715 [http-nio-8080-exec-4] DEBUG com.cy.mapper.UserBodyProfileMapper.selectList - <==      Total: 1
2026-04-09 09:30:12.728 [http-nio-8080-exec-5] DEBUG com.cy.mapper.UserProfileMapper.selectList - ==>  Preparing: SELECT id,user_id,nickname,avatar,gender FROM user_profile WHERE (user_id = ?) limit 1
2026-04-09 09:30:12.728 [http-nio-8080-exec-5] DEBUG com.cy.mapper.UserProfileMapper.selectList - ==> Parameters: 1(Long)
2026-04-09 09:30:12.762 [http-nio-8080-exec-5] DEBUG com.cy.mapper.UserProfileMapper.selectList - <==      Total: 1
2026-04-09 09:30:12.772 [http-nio-8080-exec-10] DEBUG com.cy.mapper.DietLogMapper.selectList - ==>  Preparing: SELECT id,user_id,date,total_calories,protein,fat,carbs,create_time FROM diet_log WHERE (user_id = ? AND date = ?)
2026-04-09 09:30:12.778 [http-nio-8080-exec-10] DEBUG com.cy.mapper.DietLogMapper.selectList - ==> Parameters: 1(Long), 2026-04-09(LocalDate)
2026-04-09 09:30:12.811 [http-nio-8080-exec-10] DEBUG com.cy.mapper.DietLogMapper.selectList - <==      Total: 0
2026-04-09 09:30:12.823 [http-nio-8080-exec-7] DEBUG com.cy.mapper.DietLogMapper.selectList - ==>  Preparing: SELECT id,user_id,date,total_calories,protein,fat,carbs,create_time FROM diet_log WHERE (user_id = ? AND date BETWEEN ? AND ?) ORDER BY date ASC
2026-04-09 09:30:12.824 [http-nio-8080-exec-7] DEBUG com.cy.mapper.DietLogMapper.selectList - ==> Parameters: 1(Long), 2026-04-03(LocalDate), 2026-04-09(LocalDate)
2026-04-09 09:30:12.845 [http-nio-8080-exec-6] DEBUG com.cy.mapper.DietLogMapper.selectList - ==>  Preparing: SELECT id,user_id,date,total_calories,protein,fat,carbs,create_time FROM diet_log WHERE (user_id = ? AND date = ?)
2026-04-09 09:30:12.846 [http-nio-8080-exec-6] DEBUG com.cy.mapper.DietLogMapper.selectList - ==> Parameters: 1(Long), 2026-04-09(LocalDate)
2026-04-09 09:30:12.863 [http-nio-8080-exec-7] DEBUG com.cy.mapper.DietLogMapper.selectList - <==      Total: 6
2026-04-09 09:30:12.864 [http-nio-8080-exec-1] DEBUG com.cy.mapper.DietLogMapper.selectList - ==>  Preparing: SELECT id,user_id,date,total_calories,protein,fat,carbs,create_time FROM diet_log WHERE (user_id = ? AND date BETWEEN ? AND ?)
2026-04-09 09:30:12.865 [http-nio-8080-exec-1] DEBUG com.cy.mapper.DietLogMapper.selectList - ==> Parameters: 1(Long), 2026-04-03(LocalDate), 2026-04-09(LocalDate)
2026-04-09 09:30:12.875 [http-nio-8080-exec-6] DEBUG com.cy.mapper.DietLogMapper.selectList - <==      Total: 0
2026-04-09 09:30:12.902 [http-nio-8080-exec-1] DEBUG com.cy.mapper.DietLogMapper.selectList - <==      Total: 6
2026-04-09 09:30:21.514 [http-nio-8080-exec-9] INFO  com.cy.interceptor.JwtTokenInterceptor - jwt校验:eyJhbGciOiJIUzI1NiJ9.eyJleHAiOjI0OTU2NTM1ODcsInVzZXJJZCI6MX0.Bo6h6iRc0N3bLlBEKhFsz35T_lijtl5L8EqfkjIlNnE
2026-04-09 09:30:21.515 [http-nio-8080-exec-8] INFO  com.cy.interceptor.JwtTokenInterceptor - jwt校验:eyJhbGciOiJIUzI1NiJ9.eyJleHAiOjI0OTU2NTM1ODcsInVzZXJJZCI6MX0.Bo6h6iRc0N3bLlBEKhFsz35T_lijtl5L8EqfkjIlNnE
2026-04-09 09:30:21.547 [http-nio-8080-exec-8] DEBUG com.cy.mapper.UserBodyProfileMapper.selectList - ==>  Preparing: SELECT id,user_id,height,weight,body_fat,age,bmi,bmr,target_calories,update_time FROM user_body_profile WHERE (user_id = ?) limit 1
2026-04-09 09:30:21.548 [http-nio-8080-exec-8] DEBUG com.cy.mapper.UserBodyProfileMapper.selectList - ==> Parameters: 1(Long)
2026-04-09 09:30:21.553 [http-nio-8080-exec-9] DEBUG com.cy.mapper.UserProfileMapper.selectList - ==>  Preparing: SELECT id,user_id,nickname,avatar,gender FROM user_profile WHERE (user_id = ?) limit 1
2026-04-09 09:30:21.553 [http-nio-8080-exec-9] DEBUG com.cy.mapper.UserProfileMapper.selectList - ==> Parameters: 1(Long)
2026-04-09 09:30:21.577 [http-nio-8080-exec-8] DEBUG com.cy.mapper.UserBodyProfileMapper.selectList - <==      Total: 1
2026-04-09 09:30:21.588 [http-nio-8080-exec-9] DEBUG com.cy.mapper.UserProfileMapper.selectList - <==      Total: 1
2026-04-09 09:30:21.673 [http-nio-8080-exec-2] INFO  com.cy.interceptor.JwtTokenInterceptor - jwt校验:eyJhbGciOiJIUzI1NiJ9.eyJleHAiOjI0OTU2NTM1ODcsInVzZXJJZCI6MX0.Bo6h6iRc0N3bLlBEKhFsz35T_lijtl5L8EqfkjIlNnE
2026-04-09 09:30:21.675 [http-nio-8080-exec-3] INFO  com.cy.interceptor.JwtTokenInterceptor - jwt校验:eyJhbGciOiJIUzI1NiJ9.eyJleHAiOjI0OTU2NTM1ODcsInVzZXJJZCI6MX0.Bo6h6iRc0N3bLlBEKhFsz35T_lijtl5L8EqfkjIlNnE
2026-04-09 09:30:21.675 [http-nio-8080-exec-10] INFO  com.cy.interceptor.JwtTokenInterceptor - jwt校验:eyJhbGciOiJIUzI1NiJ9.eyJleHAiOjI0OTU2NTM1ODcsInVzZXJJZCI6MX0.Bo6h6iRc0N3bLlBEKhFsz35T_lijtl5L8EqfkjIlNnE
2026-04-09 09:30:21.675 [http-nio-8080-exec-4] INFO  com.cy.interceptor.JwtTokenInterceptor - jwt校验:eyJhbGciOiJIUzI1NiJ9.eyJleHAiOjI0OTU2NTM1ODcsInVzZXJJZCI6MX0.Bo6h6iRc0N3bLlBEKhFsz35T_lijtl5L8EqfkjIlNnE
2026-04-09 09:30:21.677 [http-nio-8080-exec-10] DEBUG com.cy.mapper.DietLogMapper.selectList - ==>  Preparing: SELECT id,user_id,date,total_calories,protein,fat,carbs,create_time FROM diet_log WHERE (user_id = ? AND date = ?)
2026-04-09 09:30:21.677 [http-nio-8080-exec-3] DEBUG com.cy.mapper.DietLogMapper.selectList - ==>  Preparing: SELECT id,user_id,date,total_calories,protein,fat,carbs,create_time FROM diet_log WHERE (user_id = ? AND date BETWEEN ? AND ?) ORDER BY date ASC
2026-04-09 09:30:21.679 [http-nio-8080-exec-10] DEBUG com.cy.mapper.DietLogMapper.selectList - ==> Parameters: 1(Long), 2026-04-09(LocalDate)
2026-04-09 09:30:21.680 [http-nio-8080-exec-3] DEBUG com.cy.mapper.DietLogMapper.selectList - ==> Parameters: 1(Long), 2026-04-03(LocalDate), 2026-04-09(LocalDate)
2026-04-09 09:30:21.709 [http-nio-8080-exec-10] DEBUG com.cy.mapper.DietLogMapper.selectList - <==      Total: 0
2026-04-09 09:30:21.710 [http-nio-8080-exec-4] DEBUG com.cy.mapper.DietLogMapper.selectList - ==>  Preparing: SELECT id,user_id,date,total_calories,protein,fat,carbs,create_time FROM diet_log WHERE (user_id = ? AND date BETWEEN ? AND ?)
2026-04-09 09:30:21.710 [http-nio-8080-exec-2] DEBUG com.cy.mapper.DietLogMapper.selectList - ==>  Preparing: SELECT id,user_id,date,total_calories,protein,fat,carbs,create_time FROM diet_log WHERE (user_id = ?) ORDER BY date DESC
2026-04-09 09:30:21.711 [http-nio-8080-exec-2] DEBUG com.cy.mapper.DietLogMapper.selectList - ==> Parameters: 1(Long)
2026-04-09 09:30:21.711 [http-nio-8080-exec-4] DEBUG com.cy.mapper.DietLogMapper.selectList - ==> Parameters: 1(Long), 2026-04-03(LocalDate), 2026-04-09(LocalDate)
2026-04-09 09:30:21.712 [http-nio-8080-exec-3] DEBUG com.cy.mapper.DietLogMapper.selectList - <==      Total: 6
2026-04-09 09:30:21.741 [http-nio-8080-exec-4] DEBUG com.cy.mapper.DietLogMapper.selectList - <==      Total: 6
2026-04-09 09:30:21.748 [http-nio-8080-exec-2] DEBUG com.cy.mapper.DietLogMapper.selectList - <==      Total: 7
2026-04-09 09:30:49.170 [http-nio-8080-exec-5] INFO  com.cy.interceptor.JwtTokenInterceptor - jwt校验:eyJhbGciOiJIUzI1NiJ9.eyJleHAiOjI0OTU2NTM1ODcsInVzZXJJZCI6MX0.Bo6h6iRc0N3bLlBEKhFsz35T_lijtl5L8EqfkjIlNnE
2026-04-09 09:30:49.170 [http-nio-8080-exec-7] INFO  com.cy.interceptor.JwtTokenInterceptor - jwt校验:eyJhbGciOiJIUzI1NiJ9.eyJleHAiOjI0OTU2NTM1ODcsInVzZXJJZCI6MX0.Bo6h6iRc0N3bLlBEKhFsz35T_lijtl5L8EqfkjIlNnE
2026-04-09 09:30:49.203 [http-nio-8080-exec-7] DEBUG com.cy.mapper.UserBodyProfileMapper.selectList - ==>  Preparing: SELECT id,user_id,height,weight,body_fat,age,bmi,bmr,target_calories,update_time FROM user_body_profile WHERE (user_id = ?) limit 1
2026-04-09 09:30:49.204 [http-nio-8080-exec-7] DEBUG com.cy.mapper.UserBodyProfileMapper.selectList - ==> Parameters: 1(Long)
2026-04-09 09:30:49.205 [http-nio-8080-exec-5] DEBUG com.cy.mapper.UserProfileMapper.selectList - ==>  Preparing: SELECT id,user_id,nickname,avatar,gender FROM user_profile WHERE (user_id = ?) limit 1
2026-04-09 09:30:49.207 [http-nio-8080-exec-5] DEBUG com.cy.mapper.UserProfileMapper.selectList - ==> Parameters: 1(Long)
2026-04-09 09:30:49.238 [http-nio-8080-exec-7] DEBUG com.cy.mapper.UserBodyProfileMapper.selectList - <==      Total: 1
2026-04-09 09:30:49.252 [http-nio-8080-exec-5] DEBUG com.cy.mapper.UserProfileMapper.selectList - <==      Total: 1
2026-04-09 09:31:45.493 [http-nio-8080-exec-1] INFO  com.cy.interceptor.JwtTokenInterceptor - jwt校验:eyJhbGciOiJIUzI1NiJ9.eyJleHAiOjI0OTU2NTM1ODcsInVzZXJJZCI6MX0.Bo6h6iRc0N3bLlBEKhFsz35T_lijtl5L8EqfkjIlNnE
2026-04-09 09:31:45.493 [http-nio-8080-exec-6] INFO  com.cy.interceptor.JwtTokenInterceptor - jwt校验:eyJhbGciOiJIUzI1NiJ9.eyJleHAiOjI0OTU2NTM1ODcsInVzZXJJZCI6MX0.Bo6h6iRc0N3bLlBEKhFsz35T_lijtl5L8EqfkjIlNnE
2026-04-09 09:31:45.533 [http-nio-8080-exec-6] DEBUG com.cy.mapper.DietLogMapper.selectList - ==>  Preparing: SELECT id,user_id,date,total_calories,protein,fat,carbs,create_time FROM diet_log WHERE (user_id = ? AND date = ?)
2026-04-09 09:31:45.534 [http-nio-8080-exec-6] DEBUG com.cy.mapper.DietLogMapper.selectList - ==> Parameters: 1(Long), 2026-04-09(LocalDate)
2026-04-09 09:31:45.569 [http-nio-8080-exec-6] DEBUG com.cy.mapper.DietLogMapper.selectList - <==      Total: 0
2026-04-09 09:31:45.715 [http-nio-8080-exec-1] DEBUG com.cy.mapper.SessionMapper.pageList_mpCount - ==>  Preparing: SELECT COUNT(*) AS total FROM session WHERE user_id = ? AND create_time >= ? AND create_time <= ?
2026-04-09 09:31:45.716 [http-nio-8080-exec-1] DEBUG com.cy.mapper.SessionMapper.pageList_mpCount - ==> Parameters: 1(Long), 2026-04-09T00:00(LocalDateTime), 2026-04-09T23:59:59.999999999(LocalDateTime)
2026-04-09 09:31:45.754 [http-nio-8080-exec-1] DEBUG com.cy.mapper.SessionMapper.pageList_mpCount - <==      Total: 1
2026-04-09 09:31:48.934 [http-nio-8080-exec-8] INFO  com.cy.interceptor.JwtTokenInterceptor - jwt校验:eyJhbGciOiJIUzI1NiJ9.eyJleHAiOjI0OTU2NTM1ODcsInVzZXJJZCI6MX0.Bo6h6iRc0N3bLlBEKhFsz35T_lijtl5L8EqfkjIlNnE
2026-04-09 09:31:48.934 [http-nio-8080-exec-9] INFO  com.cy.interceptor.JwtTokenInterceptor - jwt校验:eyJhbGciOiJIUzI1NiJ9.eyJleHAiOjI0OTU2NTM1ODcsInVzZXJJZCI6MX0.Bo6h6iRc0N3bLlBEKhFsz35T_lijtl5L8EqfkjIlNnE
2026-04-09 09:31:48.968 [http-nio-8080-exec-9] DEBUG com.cy.mapper.UserBodyProfileMapper.selectList - ==>  Preparing: SELECT id,user_id,height,weight,body_fat,age,bmi,bmr,target_calories,update_time FROM user_body_profile WHERE (user_id = ?) limit 1
2026-04-09 09:31:48.968 [http-nio-8080-exec-9] DEBUG com.cy.mapper.UserBodyProfileMapper.selectList - ==> Parameters: 1(Long)
2026-04-09 09:31:48.970 [http-nio-8080-exec-8] DEBUG com.cy.mapper.UserProfileMapper.selectList - ==>  Preparing: SELECT id,user_id,nickname,avatar,gender FROM user_profile WHERE (user_id = ?) limit 1
2026-04-09 09:31:48.971 [http-nio-8080-exec-8] DEBUG com.cy.mapper.UserProfileMapper.selectList - ==> Parameters: 1(Long)
2026-04-09 09:31:49.001 [http-nio-8080-exec-9] DEBUG com.cy.mapper.UserBodyProfileMapper.selectList - <==      Total: 1
2026-04-09 09:31:49.013 [http-nio-8080-exec-8] DEBUG com.cy.mapper.UserProfileMapper.selectList - <==      Total: 1
2026-04-09 09:31:49.099 [http-nio-8080-exec-10] INFO  com.cy.interceptor.JwtTokenInterceptor - jwt校验:eyJhbGciOiJIUzI1NiJ9.eyJleHAiOjI0OTU2NTM1ODcsInVzZXJJZCI6MX0.Bo6h6iRc0N3bLlBEKhFsz35T_lijtl5L8EqfkjIlNnE
2026-04-09 09:31:49.099 [http-nio-8080-exec-4] INFO  com.cy.interceptor.JwtTokenInterceptor - jwt校验:eyJhbGciOiJIUzI1NiJ9.eyJleHAiOjI0OTU2NTM1ODcsInVzZXJJZCI6MX0.Bo6h6iRc0N3bLlBEKhFsz35T_lijtl5L8EqfkjIlNnE
2026-04-09 09:31:49.099 [http-nio-8080-exec-3] INFO  com.cy.interceptor.JwtTokenInterceptor - jwt校验:eyJhbGciOiJIUzI1NiJ9.eyJleHAiOjI0OTU2NTM1ODcsInVzZXJJZCI6MX0.Bo6h6iRc0N3bLlBEKhFsz35T_lijtl5L8EqfkjIlNnE
2026-04-09 09:31:49.100 [http-nio-8080-exec-2] INFO  com.cy.interceptor.JwtTokenInterceptor - jwt校验:eyJhbGciOiJIUzI1NiJ9.eyJleHAiOjI0OTU2NTM1ODcsInVzZXJJZCI6MX0.Bo6h6iRc0N3bLlBEKhFsz35T_lijtl5L8EqfkjIlNnE
2026-04-09 09:31:49.102 [http-nio-8080-exec-2] DEBUG com.cy.mapper.DietLogMapper.selectList - ==>  Preparing: SELECT id,user_id,date,total_calories,protein,fat,carbs,create_time FROM diet_log WHERE (user_id = ? AND date = ?)
2026-04-09 09:31:49.102 [http-nio-8080-exec-2] DEBUG com.cy.mapper.DietLogMapper.selectList - ==> Parameters: 1(Long), 2026-04-09(LocalDate)
2026-04-09 09:31:49.132 [http-nio-8080-exec-2] DEBUG com.cy.mapper.DietLogMapper.selectList - <==      Total: 0
2026-04-09 09:31:49.136 [http-nio-8080-exec-4] DEBUG com.cy.mapper.DietLogMapper.selectList - ==>  Preparing: SELECT id,user_id,date,total_calories,protein,fat,carbs,create_time FROM diet_log WHERE (user_id = ? AND date BETWEEN ? AND ?)
2026-04-09 09:31:49.137 [http-nio-8080-exec-10] DEBUG com.cy.mapper.DietLogMapper.selectList - ==>  Preparing: SELECT id,user_id,date,total_calories,protein,fat,carbs,create_time FROM diet_log WHERE (user_id = ? AND date = ?)
2026-04-09 09:31:49.137 [http-nio-8080-exec-4] DEBUG com.cy.mapper.DietLogMapper.selectList - ==> Parameters: 1(Long), 2026-04-03(LocalDate), 2026-04-09(LocalDate)
2026-04-09 09:31:49.137 [http-nio-8080-exec-10] DEBUG com.cy.mapper.DietLogMapper.selectList - ==> Parameters: 1(Long), 2026-04-09(LocalDate)
2026-04-09 09:31:49.139 [http-nio-8080-exec-3] DEBUG com.cy.mapper.DietLogMapper.selectList - ==>  Preparing: SELECT id,user_id,date,total_calories,protein,fat,carbs,create_time FROM diet_log WHERE (user_id = ? AND date BETWEEN ? AND ?) ORDER BY date ASC
2026-04-09 09:31:49.140 [http-nio-8080-exec-3] DEBUG com.cy.mapper.DietLogMapper.selectList - ==> Parameters: 1(Long), 2026-04-03(LocalDate), 2026-04-09(LocalDate)
2026-04-09 09:31:49.168 [http-nio-8080-exec-4] DEBUG com.cy.mapper.DietLogMapper.selectList - <==      Total: 6
2026-04-09 09:31:49.172 [http-nio-8080-exec-10] DEBUG com.cy.mapper.DietLogMapper.selectList - <==      Total: 0
2026-04-09 09:31:49.173 [http-nio-8080-exec-3] DEBUG com.cy.mapper.DietLogMapper.selectList - <==      Total: 6
2026-04-09 09:31:50.714 [http-nio-8080-exec-7] INFO  com.cy.interceptor.JwtTokenInterceptor - jwt校验:eyJhbGciOiJIUzI1NiJ9.eyJleHAiOjI0OTU2NTM1ODcsInVzZXJJZCI6MX0.Bo6h6iRc0N3bLlBEKhFsz35T_lijtl5L8EqfkjIlNnE
2026-04-09 09:31:50.716 [http-nio-8080-exec-5] INFO  com.cy.interceptor.JwtTokenInterceptor - jwt校验:eyJhbGciOiJIUzI1NiJ9.eyJleHAiOjI0OTU2NTM1ODcsInVzZXJJZCI6MX0.Bo6h6iRc0N3bLlBEKhFsz35T_lijtl5L8EqfkjIlNnE
2026-04-09 09:31:50.756 [http-nio-8080-exec-5] DEBUG com.cy.mapper.DietLogMapper.selectList - ==>  Preparing: SELECT id,user_id,date,total_calories,protein,fat,carbs,create_time FROM diet_log WHERE (user_id = ? AND date = ?)
2026-04-09 09:31:50.757 [http-nio-8080-exec-5] DEBUG com.cy.mapper.DietLogMapper.selectList - ==> Parameters: 1(Long), 2026-04-09(LocalDate)
2026-04-09 09:31:50.758 [http-nio-8080-exec-7] DEBUG com.cy.mapper.SessionMapper.pageList_mpCount - ==>  Preparing: SELECT COUNT(*) AS total FROM session WHERE user_id = ? AND create_time >= ? AND create_time <= ?
2026-04-09 09:31:50.758 [http-nio-8080-exec-7] DEBUG com.cy.mapper.SessionMapper.pageList_mpCount - ==> Parameters: 1(Long), 2026-04-09T00:00(LocalDateTime), 2026-04-09T23:59:59.999999999(LocalDateTime)
2026-04-09 09:31:50.791 [http-nio-8080-exec-5] DEBUG com.cy.mapper.DietLogMapper.selectList - <==      Total: 0
2026-04-09 09:31:50.791 [http-nio-8080-exec-7] DEBUG com.cy.mapper.SessionMapper.pageList_mpCount - <==      Total: 1
2026-04-09 09:31:52.659 [http-nio-8080-exec-1] INFO  com.cy.interceptor.JwtTokenInterceptor - jwt校验:eyJhbGciOiJIUzI1NiJ9.eyJleHAiOjI0OTU2NTM1ODcsInVzZXJJZCI6MX0.Bo6h6iRc0N3bLlBEKhFsz35T_lijtl5L8EqfkjIlNnE
2026-04-09 09:31:52.659 [http-nio-8080-exec-6] INFO  com.cy.interceptor.JwtTokenInterceptor - jwt校验:eyJhbGciOiJIUzI1NiJ9.eyJleHAiOjI0OTU2NTM1ODcsInVzZXJJZCI6MX0.Bo6h6iRc0N3bLlBEKhFsz35T_lijtl5L8EqfkjIlNnE
2026-04-09 09:31:52.693 [http-nio-8080-exec-6] DEBUG com.cy.mapper.UserProfileMapper.selectList - ==>  Preparing: SELECT id,user_id,nickname,avatar,gender FROM user_profile WHERE (user_id = ?) limit 1
2026-04-09 09:31:52.695 [http-nio-8080-exec-6] DEBUG com.cy.mapper.UserProfileMapper.selectList - ==> Parameters: 1(Long)
2026-04-09 09:31:52.697 [http-nio-8080-exec-1] DEBUG com.cy.mapper.UserBodyProfileMapper.selectList - ==>  Preparing: SELECT id,user_id,height,weight,body_fat,age,bmi,bmr,target_calories,update_time FROM user_body_profile WHERE (user_id = ?) limit 1
2026-04-09 09:31:52.698 [http-nio-8080-exec-1] DEBUG com.cy.mapper.UserBodyProfileMapper.selectList - ==> Parameters: 1(Long)
2026-04-09 09:31:52.728 [http-nio-8080-exec-6] DEBUG com.cy.mapper.UserProfileMapper.selectList - <==      Total: 1
2026-04-09 09:31:52.732 [http-nio-8080-exec-1] DEBUG com.cy.mapper.UserBodyProfileMapper.selectList - <==      Total: 1
2026-04-09 09:31:52.819 [http-nio-8080-exec-9] INFO  com.cy.interceptor.JwtTokenInterceptor - jwt校验:eyJhbGciOiJIUzI1NiJ9.eyJleHAiOjI0OTU2NTM1ODcsInVzZXJJZCI6MX0.Bo6h6iRc0N3bLlBEKhFsz35T_lijtl5L8EqfkjIlNnE
2026-04-09 09:31:52.819 [http-nio-8080-exec-8] INFO  com.cy.interceptor.JwtTokenInterceptor - jwt校验:eyJhbGciOiJIUzI1NiJ9.eyJleHAiOjI0OTU2NTM1ODcsInVzZXJJZCI6MX0.Bo6h6iRc0N3bLlBEKhFsz35T_lijtl5L8EqfkjIlNnE
2026-04-09 09:31:52.819 [http-nio-8080-exec-4] INFO  com.cy.interceptor.JwtTokenInterceptor - jwt校验:eyJhbGciOiJIUzI1NiJ9.eyJleHAiOjI0OTU2NTM1ODcsInVzZXJJZCI6MX0.Bo6h6iRc0N3bLlBEKhFsz35T_lijtl5L8EqfkjIlNnE
2026-04-09 09:31:52.819 [http-nio-8080-exec-2] INFO  com.cy.interceptor.JwtTokenInterceptor - jwt校验:eyJhbGciOiJIUzI1NiJ9.eyJleHAiOjI0OTU2NTM1ODcsInVzZXJJZCI6MX0.Bo6h6iRc0N3bLlBEKhFsz35T_lijtl5L8EqfkjIlNnE
2026-04-09 09:31:52.821 [http-nio-8080-exec-2] DEBUG com.cy.mapper.DietLogMapper.selectList - ==>  Preparing: SELECT id,user_id,date,total_calories,protein,fat,carbs,create_time FROM diet_log WHERE (user_id = ? AND date BETWEEN ? AND ?)
2026-04-09 09:31:52.822 [http-nio-8080-exec-9] DEBUG com.cy.mapper.DietLogMapper.selectList - ==>  Preparing: SELECT id,user_id,date,total_calories,protein,fat,carbs,create_time FROM diet_log WHERE (user_id = ? AND date BETWEEN ? AND ?) ORDER BY date ASC
2026-04-09 09:31:52.822 [http-nio-8080-exec-2] DEBUG com.cy.mapper.DietLogMapper.selectList - ==> Parameters: 1(Long), 2026-04-03(LocalDate), 2026-04-09(LocalDate)
2026-04-09 09:31:52.822 [http-nio-8080-exec-4] DEBUG com.cy.mapper.DietLogMapper.selectList - ==>  Preparing: SELECT id,user_id,date,total_calories,protein,fat,carbs,create_time FROM diet_log WHERE (user_id = ? AND date = ?)
2026-04-09 09:31:52.822 [http-nio-8080-exec-9] DEBUG com.cy.mapper.DietLogMapper.selectList - ==> Parameters: 1(Long), 2026-04-03(LocalDate), 2026-04-09(LocalDate)
2026-04-09 09:31:52.822 [http-nio-8080-exec-4] DEBUG com.cy.mapper.DietLogMapper.selectList - ==> Parameters: 1(Long), 2026-04-09(LocalDate)
2026-04-09 09:31:52.852 [http-nio-8080-exec-4] DEBUG com.cy.mapper.DietLogMapper.selectList - <==      Total: 0
2026-04-09 09:31:52.853 [http-nio-8080-exec-9] DEBUG com.cy.mapper.DietLogMapper.selectList - <==      Total: 6
2026-04-09 09:31:52.854 [http-nio-8080-exec-8] DEBUG com.cy.mapper.DietLogMapper.selectList - ==>  Preparing: SELECT id,user_id,date,total_calories,protein,fat,carbs,create_time FROM diet_log WHERE (user_id = ?) ORDER BY date DESC
2026-04-09 09:31:52.854 [http-nio-8080-exec-2] DEBUG com.cy.mapper.DietLogMapper.selectList - <==      Total: 6
2026-04-09 09:31:52.854 [http-nio-8080-exec-8] DEBUG com.cy.mapper.DietLogMapper.selectList - ==> Parameters: 1(Long)
2026-04-09 09:31:52.891 [http-nio-8080-exec-8] DEBUG com.cy.mapper.DietLogMapper.selectList - <==      Total: 7
2026-04-09 09:31:59.920 [http-nio-8080-exec-10] INFO  com.cy.interceptor.JwtTokenInterceptor - jwt校验:eyJhbGciOiJIUzI1NiJ9.eyJleHAiOjI0OTU2NTM1ODcsInVzZXJJZCI6MX0.Bo6h6iRc0N3bLlBEKhFsz35T_lijtl5L8EqfkjIlNnE
2026-04-09 09:31:59.920 [http-nio-8080-exec-7] INFO  com.cy.interceptor.JwtTokenInterceptor - jwt校验:eyJhbGciOiJIUzI1NiJ9.eyJleHAiOjI0OTU2NTM1ODcsInVzZXJJZCI6MX0.Bo6h6iRc0N3bLlBEKhFsz35T_lijtl5L8EqfkjIlNnE
2026-04-09 09:31:59.975 [http-nio-8080-exec-10] DEBUG com.cy.mapper.UserProfileMapper.selectList - ==>  Preparing: SELECT id,user_id,nickname,avatar,gender FROM user_profile WHERE (user_id = ?) limit 1
2026-04-09 09:31:59.975 [http-nio-8080-exec-7] DEBUG com.cy.mapper.UserBodyProfileMapper.selectList - ==>  Preparing: SELECT id,user_id,height,weight,body_fat,age,bmi,bmr,target_calories,update_time FROM user_body_profile WHERE (user_id = ?) limit 1
2026-04-09 09:31:59.976 [http-nio-8080-exec-10] DEBUG com.cy.mapper.UserProfileMapper.selectList - ==> Parameters: 1(Long)
2026-04-09 09:31:59.976 [http-nio-8080-exec-7] DEBUG com.cy.mapper.UserBodyProfileMapper.selectList - ==> Parameters: 1(Long)
2026-04-09 09:32:00.009 [http-nio-8080-exec-10] DEBUG com.cy.mapper.UserProfileMapper.selectList - <==      Total: 1
2026-04-09 09:32:00.011 [http-nio-8080-exec-7] DEBUG com.cy.mapper.UserBodyProfileMapper.selectList - <==      Total: 1
2026-04-09 09:32:11.748 [http-nio-8080-exec-6] INFO  com.cy.interceptor.JwtTokenInterceptor - jwt校验:eyJhbGciOiJIUzI1NiJ9.eyJleHAiOjI0OTU2NTM1ODcsInVzZXJJZCI6MX0.Bo6h6iRc0N3bLlBEKhFsz35T_lijtl5L8EqfkjIlNnE
2026-04-09 09:32:11.748 [http-nio-8080-exec-5] INFO  com.cy.interceptor.JwtTokenInterceptor - jwt校验:eyJhbGciOiJIUzI1NiJ9.eyJleHAiOjI0OTU2NTM1ODcsInVzZXJJZCI6MX0.Bo6h6iRc0N3bLlBEKhFsz35T_lijtl5L8EqfkjIlNnE
2026-04-09 09:32:11.783 [http-nio-8080-exec-5] DEBUG com.cy.mapper.UserProfileMapper.selectList - ==>  Preparing: SELECT id,user_id,nickname,avatar,gender FROM user_profile WHERE (user_id = ?) limit 1
2026-04-09 09:32:11.783 [http-nio-8080-exec-6] DEBUG com.cy.mapper.UserBodyProfileMapper.selectList - ==>  Preparing: SELECT id,user_id,height,weight,body_fat,age,bmi,bmr,target_calories,update_time FROM user_body_profile WHERE (user_id = ?) limit 1
2026-04-09 09:32:11.784 [http-nio-8080-exec-5] DEBUG com.cy.mapper.UserProfileMapper.selectList - ==> Parameters: 1(Long)
2026-04-09 09:32:11.784 [http-nio-8080-exec-6] DEBUG com.cy.mapper.UserBodyProfileMapper.selectList - ==> Parameters: 1(Long)
2026-04-09 09:32:11.817 [http-nio-8080-exec-5] DEBUG com.cy.mapper.UserProfileMapper.selectList - <==      Total: 1
2026-04-09 09:32:11.818 [http-nio-8080-exec-6] DEBUG com.cy.mapper.UserBodyProfileMapper.selectList - <==      Total: 1
2026-04-09 09:32:52.120 [http-nio-8080-exec-1] INFO  com.cy.interceptor.JwtTokenInterceptor - jwt校验:eyJhbGciOiJIUzI1NiJ9.eyJleHAiOjI0OTU2NTM1ODcsInVzZXJJZCI6MX0.Bo6h6iRc0N3bLlBEKhFsz35T_lijtl5L8EqfkjIlNnE
2026-04-09 09:32:52.120 [http-nio-8080-exec-4] INFO  com.cy.interceptor.JwtTokenInterceptor - jwt校验:eyJhbGciOiJIUzI1NiJ9.eyJleHAiOjI0OTU2NTM1ODcsInVzZXJJZCI6MX0.Bo6h6iRc0N3bLlBEKhFsz35T_lijtl5L8EqfkjIlNnE
2026-04-09 09:32:52.213 [http-nio-8080-exec-4] DEBUG com.cy.mapper.UserBodyProfileMapper.selectList - ==>  Preparing: SELECT id,user_id,height,weight,body_fat,age,bmi,bmr,target_calories,update_time FROM user_body_profile WHERE (user_id = ?) limit 1
2026-04-09 09:32:52.213 [http-nio-8080-exec-1] DEBUG com.cy.mapper.UserProfileMapper.selectList - ==>  Preparing: SELECT id,user_id,nickname,avatar,gender FROM user_profile WHERE (user_id = ?) limit 1
2026-04-09 09:32:52.213 [http-nio-8080-exec-4] DEBUG com.cy.mapper.UserBodyProfileMapper.selectList - ==> Parameters: 1(Long)
2026-04-09 09:32:52.213 [http-nio-8080-exec-1] DEBUG com.cy.mapper.UserProfileMapper.selectList - ==> Parameters: 1(Long)
2026-04-09 09:32:52.270 [http-nio-8080-exec-1] DEBUG com.cy.mapper.UserProfileMapper.selectList - <==      Total: 1
2026-04-09 09:32:52.271 [http-nio-8080-exec-4] DEBUG com.cy.mapper.UserBodyProfileMapper.selectList - <==      Total: 1
2026-04-09 19:00:01.726 [http-nio-8080-exec-9] INFO  com.cy.interceptor.JwtTokenInterceptor - jwt校验:eyJhbGciOiJIUzI1NiJ9.eyJleHAiOjI0OTU2NTM1ODcsInVzZXJJZCI6MX0.Bo6h6iRc0N3bLlBEKhFsz35T_lijtl5L8EqfkjIlNnE
2026-04-09 19:00:01.726 [http-nio-8080-exec-2] INFO  com.cy.interceptor.JwtTokenInterceptor - jwt校验:eyJhbGciOiJIUzI1NiJ9.eyJleHAiOjI0OTU2NTM1ODcsInVzZXJJZCI6MX0.Bo6h6iRc0N3bLlBEKhFsz35T_lijtl5L8EqfkjIlNnE
2026-04-09 19:00:02.752 [http-nio-8080-exec-9] DEBUG com.cy.mapper.UserProfileMapper.selectList - ==>  Preparing: SELECT id,user_id,nickname,avatar,gender FROM user_profile WHERE (user_id = ?) limit 1
2026-04-09 19:00:02.757 [http-nio-8080-exec-9] DEBUG com.cy.mapper.UserProfileMapper.selectList - ==> Parameters: 1(Long)
2026-04-09 19:00:02.800 [http-nio-8080-exec-9] DEBUG com.cy.mapper.UserProfileMapper.selectList - <==      Total: 1
2026-04-09 19:00:02.915 [http-nio-8080-exec-2] DEBUG com.cy.mapper.UserBodyProfileMapper.selectList - ==>  Preparing: SELECT id,user_id,height,weight,body_fat,age,bmi,bmr,target_calories,update_time FROM user_body_profile WHERE (user_id = ?) limit 1
2026-04-09 19:00:02.915 [http-nio-8080-exec-2] DEBUG com.cy.mapper.UserBodyProfileMapper.selectList - ==> Parameters: 1(Long)
2026-04-09 19:00:02.927 [http-nio-8080-exec-8] INFO  com.cy.interceptor.JwtTokenInterceptor - jwt校验:eyJhbGciOiJIUzI1NiJ9.eyJleHAiOjI0OTU2NTM1ODcsInVzZXJJZCI6MX0.Bo6h6iRc0N3bLlBEKhFsz35T_lijtl5L8EqfkjIlNnE
2026-04-09 19:00:02.956 [http-nio-8080-exec-2] DEBUG com.cy.mapper.UserBodyProfileMapper.selectList - <==      Total: 1
2026-04-09 19:00:03.007 [http-nio-8080-exec-8] DEBUG com.cy.mapper.UserProfileMapper.selectList - ==>  Preparing: SELECT id,user_id,nickname,avatar,gender FROM user_profile WHERE (user_id = ?) limit 1
2026-04-09 19:00:03.007 [http-nio-8080-exec-8] DEBUG com.cy.mapper.UserProfileMapper.selectList - ==> Parameters: 1(Long)
2026-04-09 19:00:03.037 [http-nio-8080-exec-3] INFO  com.cy.interceptor.JwtTokenInterceptor - jwt校验:eyJhbGciOiJIUzI1NiJ9.eyJleHAiOjI0OTU2NTM1ODcsInVzZXJJZCI6MX0.Bo6h6iRc0N3bLlBEKhFsz35T_lijtl5L8EqfkjIlNnE
2026-04-09 19:00:03.038 [http-nio-8080-exec-8] DEBUG com.cy.mapper.UserProfileMapper.selectList - <==      Total: 1
2026-04-09 19:00:03.077 [http-nio-8080-exec-3] DEBUG com.cy.mapper.UserBodyProfileMapper.selectList - ==>  Preparing: SELECT id,user_id,height,weight,body_fat,age,bmi,bmr,target_calories,update_time FROM user_body_profile WHERE (user_id = ?) limit 1
2026-04-09 19:00:03.078 [http-nio-8080-exec-3] DEBUG com.cy.mapper.UserBodyProfileMapper.selectList - ==> Parameters: 1(Long)
2026-04-09 19:00:03.115 [http-nio-8080-exec-3] DEBUG com.cy.mapper.UserBodyProfileMapper.selectList - <==      Total: 1
2026-04-09 19:02:00.620 [http-nio-8080-exec-10] INFO  com.cy.interceptor.JwtTokenInterceptor - jwt校验:eyJhbGciOiJIUzI1NiJ9.eyJleHAiOjI0OTU2NTM1ODcsInVzZXJJZCI6MX0.Bo6h6iRc0N3bLlBEKhFsz35T_lijtl5L8EqfkjIlNnE
2026-04-09 19:02:00.621 [http-nio-8080-exec-7] INFO  com.cy.interceptor.JwtTokenInterceptor - jwt校验:eyJhbGciOiJIUzI1NiJ9.eyJleHAiOjI0OTU2NTM1ODcsInVzZXJJZCI6MX0.Bo6h6iRc0N3bLlBEKhFsz35T_lijtl5L8EqfkjIlNnE
2026-04-09 19:02:00.705 [http-nio-8080-exec-7] DEBUG com.cy.mapper.DietLogMapper.selectList - ==>  Preparing: SELECT id,user_id,date,total_calories,protein,fat,carbs,create_time FROM diet_log WHERE (user_id = ? AND date = ?)
2026-04-09 19:02:00.706 [http-nio-8080-exec-7] DEBUG com.cy.mapper.DietLogMapper.selectList - ==> Parameters: 1(Long), 2026-04-09(LocalDate)
2026-04-09 19:02:00.738 [http-nio-8080-exec-7] DEBUG com.cy.mapper.DietLogMapper.selectList - <==      Total: 0
2026-04-09 19:02:00.752 [http-nio-8080-exec-10] DEBUG com.cy.mapper.SessionMapper.pageList_mpCount - ==>  Preparing: SELECT COUNT(*) AS total FROM session WHERE user_id = ? AND create_time >= ? AND create_time <= ?
2026-04-09 19:02:00.753 [http-nio-8080-exec-10] DEBUG com.cy.mapper.SessionMapper.pageList_mpCount - ==> Parameters: 1(Long), 2026-04-09T00:00(LocalDateTime), 2026-04-09T23:59:59.999999999(LocalDateTime)
2026-04-09 19:02:00.790 [http-nio-8080-exec-10] DEBUG com.cy.mapper.SessionMapper.pageList_mpCount - <==      Total: 1
2026-04-09 19:02:52.926 [http-nio-8080-exec-6] INFO  com.cy.interceptor.JwtTokenInterceptor - jwt校验:eyJhbGciOiJIUzI1NiJ9.eyJleHAiOjI0OTU2NTM1ODcsInVzZXJJZCI6MX0.Bo6h6iRc0N3bLlBEKhFsz35T_lijtl5L8EqfkjIlNnE
2026-04-09 19:02:52.927 [http-nio-8080-exec-1] INFO  com.cy.interceptor.JwtTokenInterceptor - jwt校验:eyJhbGciOiJIUzI1NiJ9.eyJleHAiOjI0OTU2NTM1ODcsInVzZXJJZCI6MX0.Bo6h6iRc0N3bLlBEKhFsz35T_lijtl5L8EqfkjIlNnE
2026-04-09 19:02:52.970 [http-nio-8080-exec-6] DEBUG com.cy.mapper.UserProfileMapper.selectList - ==>  Preparing: SELECT id,user_id,nickname,avatar,gender FROM user_profile WHERE (user_id = ?) limit 1
2026-04-09 19:02:52.970 [http-nio-8080-exec-1] DEBUG com.cy.mapper.UserBodyProfileMapper.selectList - ==>  Preparing: SELECT id,user_id,height,weight,body_fat,age,bmi,bmr,target_calories,update_time FROM user_body_profile WHERE (user_id = ?) limit 1
2026-04-09 19:02:52.971 [http-nio-8080-exec-6] DEBUG com.cy.mapper.UserProfileMapper.selectList - ==> Parameters: 1(Long)
2026-04-09 19:02:52.972 [http-nio-8080-exec-1] DEBUG com.cy.mapper.UserBodyProfileMapper.selectList - ==> Parameters: 1(Long)
2026-04-09 19:02:53.002 [http-nio-8080-exec-6] DEBUG com.cy.mapper.UserProfileMapper.selectList - <==      Total: 1
2026-04-09 19:02:53.006 [http-nio-8080-exec-1] DEBUG com.cy.mapper.UserBodyProfileMapper.selectList - <==      Total: 1
2026-04-09 19:02:53.096 [http-nio-8080-exec-4] INFO  com.cy.interceptor.JwtTokenInterceptor - jwt校验:eyJhbGciOiJIUzI1NiJ9.eyJleHAiOjI0OTU2NTM1ODcsInVzZXJJZCI6MX0.Bo6h6iRc0N3bLlBEKhFsz35T_lijtl5L8EqfkjIlNnE
2026-04-09 19:02:53.096 [http-nio-8080-exec-9] INFO  com.cy.interceptor.JwtTokenInterceptor - jwt校验:eyJhbGciOiJIUzI1NiJ9.eyJleHAiOjI0OTU2NTM1ODcsInVzZXJJZCI6MX0.Bo6h6iRc0N3bLlBEKhFsz35T_lijtl5L8EqfkjIlNnE
2026-04-09 19:02:53.096 [http-nio-8080-exec-8] INFO  com.cy.interceptor.JwtTokenInterceptor - jwt校验:eyJhbGciOiJIUzI1NiJ9.eyJleHAiOjI0OTU2NTM1ODcsInVzZXJJZCI6MX0.Bo6h6iRc0N3bLlBEKhFsz35T_lijtl5L8EqfkjIlNnE
2026-04-09 19:02:53.096 [http-nio-8080-exec-2] INFO  com.cy.interceptor.JwtTokenInterceptor - jwt校验:eyJhbGciOiJIUzI1NiJ9.eyJleHAiOjI0OTU2NTM1ODcsInVzZXJJZCI6MX0.Bo6h6iRc0N3bLlBEKhFsz35T_lijtl5L8EqfkjIlNnE
2026-04-09 19:02:53.099 [http-nio-8080-exec-2] DEBUG com.cy.mapper.DietLogMapper.selectList - ==>  Preparing: SELECT id,user_id,date,total_calories,protein,fat,carbs,create_time FROM diet_log WHERE (user_id = ? AND date BETWEEN ? AND ?)
2026-04-09 19:02:53.101 [http-nio-8080-exec-2] DEBUG com.cy.mapper.DietLogMapper.selectList - ==> Parameters: 1(Long), 2026-04-03(LocalDate), 2026-04-09(LocalDate)
2026-04-09 19:02:53.135 [http-nio-8080-exec-4] DEBUG com.cy.mapper.DietLogMapper.selectList - ==>  Preparing: SELECT id,user_id,date,total_calories,protein,fat,carbs,create_time FROM diet_log WHERE (user_id = ? AND date = ?)
2026-04-09 19:02:53.135 [http-nio-8080-exec-4] DEBUG com.cy.mapper.DietLogMapper.selectList - ==> Parameters: 1(Long), 2026-04-09(LocalDate)
2026-04-09 19:02:53.135 [http-nio-8080-exec-2] DEBUG com.cy.mapper.DietLogMapper.selectList - <==      Total: 6
2026-04-09 19:02:53.136 [http-nio-8080-exec-8] DEBUG com.cy.mapper.DietLogMapper.selectList - ==>  Preparing: SELECT id,user_id,date,total_calories,protein,fat,carbs,create_time FROM diet_log WHERE (user_id = ? AND date = ?)
2026-04-09 19:02:53.136 [http-nio-8080-exec-8] DEBUG com.cy.mapper.DietLogMapper.selectList - ==> Parameters: 1(Long), 2026-04-09(LocalDate)
2026-04-09 19:02:53.166 [http-nio-8080-exec-8] DEBUG com.cy.mapper.DietLogMapper.selectList - <==      Total: 0
2026-04-09 19:02:53.167 [http-nio-8080-exec-9] DEBUG com.cy.mapper.DietLogMapper.selectList - ==>  Preparing: SELECT id,user_id,date,total_calories,protein,fat,carbs,create_time FROM diet_log WHERE (user_id = ? AND date BETWEEN ? AND ?) ORDER BY date ASC
2026-04-09 19:02:53.168 [http-nio-8080-exec-9] DEBUG com.cy.mapper.DietLogMapper.selectList - ==> Parameters: 1(Long), 2026-04-03(LocalDate), 2026-04-09(LocalDate)
2026-04-09 19:02:53.175 [http-nio-8080-exec-4] DEBUG com.cy.mapper.DietLogMapper.selectList - <==      Total: 0
2026-04-09 19:02:53.203 [http-nio-8080-exec-9] DEBUG com.cy.mapper.DietLogMapper.selectList - <==      Total: 6
2026-04-09 19:03:03.799 [http-nio-8080-exec-7] INFO  com.cy.interceptor.JwtTokenInterceptor - jwt校验:eyJhbGciOiJIUzI1NiJ9.eyJleHAiOjI0OTU2NTM1ODcsInVzZXJJZCI6MX0.Bo6h6iRc0N3bLlBEKhFsz35T_lijtl5L8EqfkjIlNnE
2026-04-09 19:03:03.799 [http-nio-8080-exec-3] INFO  com.cy.interceptor.JwtTokenInterceptor - jwt校验:eyJhbGciOiJIUzI1NiJ9.eyJleHAiOjI0OTU2NTM1ODcsInVzZXJJZCI6MX0.Bo6h6iRc0N3bLlBEKhFsz35T_lijtl5L8EqfkjIlNnE
2026-04-09 19:03:03.838 [http-nio-8080-exec-7] DEBUG com.cy.mapper.DietLogMapper.selectList - ==>  Preparing: SELECT id,user_id,date,total_calories,protein,fat,carbs,create_time FROM diet_log WHERE (user_id = ? AND date = ?)
2026-04-09 19:03:03.838 [http-nio-8080-exec-7] DEBUG com.cy.mapper.DietLogMapper.selectList - ==> Parameters: 1(Long), 2026-04-09(LocalDate)
2026-04-09 19:03:03.843 [http-nio-8080-exec-3] DEBUG com.cy.mapper.SessionMapper.pageList_mpCount - ==>  Preparing: SELECT COUNT(*) AS total FROM session WHERE user_id = ? AND create_time >= ? AND create_time <= ?
2026-04-09 19:03:03.844 [http-nio-8080-exec-3] DEBUG com.cy.mapper.SessionMapper.pageList_mpCount - ==> Parameters: 1(Long), 2026-04-09T00:00(LocalDateTime), 2026-04-09T23:59:59.999999999(LocalDateTime)
2026-04-09 19:03:03.871 [http-nio-8080-exec-7] DEBUG com.cy.mapper.DietLogMapper.selectList - <==      Total: 0
2026-04-09 19:03:03.879 [http-nio-8080-exec-3] DEBUG com.cy.mapper.SessionMapper.pageList_mpCount - <==      Total: 1
2026-04-09 19:03:14.848 [http-nio-8080-exec-5] INFO  com.cy.interceptor.JwtTokenInterceptor - jwt校验:eyJhbGciOiJIUzI1NiJ9.eyJleHAiOjI0OTU2NTM1ODcsInVzZXJJZCI6MX0.Bo6h6iRc0N3bLlBEKhFsz35T_lijtl5L8EqfkjIlNnE
2026-04-09 19:03:14.852 [http-nio-8080-exec-6] INFO  com.cy.interceptor.JwtTokenInterceptor - jwt校验:eyJhbGciOiJIUzI1NiJ9.eyJleHAiOjI0OTU2NTM1ODcsInVzZXJJZCI6MX0.Bo6h6iRc0N3bLlBEKhFsz35T_lijtl5L8EqfkjIlNnE
2026-04-09 19:03:14.904 [http-nio-8080-exec-5] DEBUG com.cy.mapper.UserProfileMapper.selectList - ==>  Preparing: SELECT id,user_id,nickname,avatar,gender FROM user_profile WHERE (user_id = ?) limit 1
2026-04-09 19:03:14.904 [http-nio-8080-exec-5] DEBUG com.cy.mapper.UserProfileMapper.selectList - ==> Parameters: 1(Long)
2026-04-09 19:03:14.906 [http-nio-8080-exec-6] DEBUG com.cy.mapper.UserBodyProfileMapper.selectList - ==>  Preparing: SELECT id,user_id,height,weight,body_fat,age,bmi,bmr,target_calories,update_time FROM user_body_profile WHERE (user_id = ?) limit 1
2026-04-09 19:03:14.908 [http-nio-8080-exec-6] DEBUG com.cy.mapper.UserBodyProfileMapper.selectList - ==> Parameters: 1(Long)
2026-04-09 19:03:14.951 [http-nio-8080-exec-5] DEBUG com.cy.mapper.UserProfileMapper.selectList - <==      Total: 1
2026-04-09 19:03:14.959 [http-nio-8080-exec-6] DEBUG com.cy.mapper.UserBodyProfileMapper.selectList - <==      Total: 1
2026-04-09 19:03:15.067 [http-nio-8080-exec-1] INFO  com.cy.interceptor.JwtTokenInterceptor - jwt校验:eyJhbGciOiJIUzI1NiJ9.eyJleHAiOjI0OTU2NTM1ODcsInVzZXJJZCI6MX0.Bo6h6iRc0N3bLlBEKhFsz35T_lijtl5L8EqfkjIlNnE
2026-04-09 19:03:15.068 [http-nio-8080-exec-8] INFO  com.cy.interceptor.JwtTokenInterceptor - jwt校验:eyJhbGciOiJIUzI1NiJ9.eyJleHAiOjI0OTU2NTM1ODcsInVzZXJJZCI6MX0.Bo6h6iRc0N3bLlBEKhFsz35T_lijtl5L8EqfkjIlNnE
2026-04-09 19:03:15.068 [http-nio-8080-exec-2] INFO  com.cy.interceptor.JwtTokenInterceptor - jwt校验:eyJhbGciOiJIUzI1NiJ9.eyJleHAiOjI0OTU2NTM1ODcsInVzZXJJZCI6MX0.Bo6h6iRc0N3bLlBEKhFsz35T_lijtl5L8EqfkjIlNnE
2026-04-09 19:03:15.068 [http-nio-8080-exec-9] INFO  com.cy.interceptor.JwtTokenInterceptor - jwt校验:eyJhbGciOiJIUzI1NiJ9.eyJleHAiOjI0OTU2NTM1ODcsInVzZXJJZCI6MX0.Bo6h6iRc0N3bLlBEKhFsz35T_lijtl5L8EqfkjIlNnE
2026-04-09 19:03:15.074 [http-nio-8080-exec-8] DEBUG com.cy.mapper.DietLogMapper.selectList - ==>  Preparing: SELECT id,user_id,date,total_calories,protein,fat,carbs,create_time FROM diet_log WHERE (user_id = ? AND date BETWEEN ? AND ?)
2026-04-09 19:03:15.074 [http-nio-8080-exec-9] DEBUG com.cy.mapper.DietLogMapper.selectList - ==>  Preparing: SELECT id,user_id,date,total_calories,protein,fat,carbs,create_time FROM diet_log WHERE (user_id = ? AND date = ?)
2026-04-09 19:03:15.076 [http-nio-8080-exec-9] DEBUG com.cy.mapper.DietLogMapper.selectList - ==> Parameters: 1(Long), 2026-04-09(LocalDate)
2026-04-09 19:03:15.076 [http-nio-8080-exec-8] DEBUG com.cy.mapper.DietLogMapper.selectList - ==> Parameters: 1(Long), 2026-04-03(LocalDate), 2026-04-09(LocalDate)
2026-04-09 19:03:15.106 [http-nio-8080-exec-9] DEBUG com.cy.mapper.DietLogMapper.selectList - <==      Total: 0
2026-04-09 19:03:15.107 [http-nio-8080-exec-2] DEBUG com.cy.mapper.DietLogMapper.selectList - ==>  Preparing: SELECT id,user_id,date,total_calories,protein,fat,carbs,create_time FROM diet_log WHERE (user_id = ?) ORDER BY date DESC
2026-04-09 19:03:15.107 [http-nio-8080-exec-1] DEBUG com.cy.mapper.DietLogMapper.selectList - ==>  Preparing: SELECT id,user_id,date,total_calories,protein,fat,carbs,create_time FROM diet_log WHERE (user_id = ? AND date BETWEEN ? AND ?) ORDER BY date ASC
2026-04-09 19:03:15.107 [http-nio-8080-exec-1] DEBUG com.cy.mapper.DietLogMapper.selectList - ==> Parameters: 1(Long), 2026-04-03(LocalDate), 2026-04-09(LocalDate)
2026-04-09 19:03:15.108 [http-nio-8080-exec-2] DEBUG com.cy.mapper.DietLogMapper.selectList - ==> Parameters: 1(Long)
2026-04-09 19:03:15.112 [http-nio-8080-exec-8] DEBUG com.cy.mapper.DietLogMapper.selectList - <==      Total: 6
2026-04-09 19:03:15.142 [http-nio-8080-exec-1] DEBUG com.cy.mapper.DietLogMapper.selectList - <==      Total: 6
2026-04-09 19:03:15.144 [http-nio-8080-exec-2] DEBUG com.cy.mapper.DietLogMapper.selectList - <==      Total: 7
2026-04-09 19:03:28.136 [http-nio-8080-exec-4] INFO  com.cy.interceptor.JwtTokenInterceptor - jwt校验:eyJhbGciOiJIUzI1NiJ9.eyJleHAiOjI0OTU2NTM1ODcsInVzZXJJZCI6MX0.Bo6h6iRc0N3bLlBEKhFsz35T_lijtl5L8EqfkjIlNnE
2026-04-09 19:03:28.136 [http-nio-8080-exec-7] INFO  com.cy.interceptor.JwtTokenInterceptor - jwt校验:eyJhbGciOiJIUzI1NiJ9.eyJleHAiOjI0OTU2NTM1ODcsInVzZXJJZCI6MX0.Bo6h6iRc0N3bLlBEKhFsz35T_lijtl5L8EqfkjIlNnE
2026-04-09 19:03:28.173 [http-nio-8080-exec-7] DEBUG com.cy.mapper.UserBodyProfileMapper.selectList - ==>  Preparing: SELECT id,user_id,height,weight,body_fat,age,bmi,bmr,target_calories,update_time FROM user_body_profile WHERE (user_id = ?) limit 1
2026-04-09 19:03:28.174 [http-nio-8080-exec-7] DEBUG com.cy.mapper.UserBodyProfileMapper.selectList - ==> Parameters: 1(Long)
2026-04-09 19:03:28.176 [http-nio-8080-exec-4] DEBUG com.cy.mapper.UserProfileMapper.selectList - ==>  Preparing: SELECT id,user_id,nickname,avatar,gender FROM user_profile WHERE (user_id = ?) limit 1
2026-04-09 19:03:28.176 [http-nio-8080-exec-4] DEBUG com.cy.mapper.UserProfileMapper.selectList - ==> Parameters: 1(Long)
2026-04-09 19:03:28.210 [http-nio-8080-exec-7] DEBUG com.cy.mapper.UserBodyProfileMapper.selectList - <==      Total: 1
2026-04-09 19:03:28.216 [http-nio-8080-exec-4] DEBUG com.cy.mapper.UserProfileMapper.selectList - <==      Total: 1
2026-04-09 19:03:51.430 [http-nio-8080-exec-3] INFO  com.cy.interceptor.JwtTokenInterceptor - jwt校验:eyJhbGciOiJIUzI1NiJ9.eyJleHAiOjI0OTU2NTM1ODcsInVzZXJJZCI6MX0.Bo6h6iRc0N3bLlBEKhFsz35T_lijtl5L8EqfkjIlNnE
2026-04-09 19:03:51.430 [http-nio-8080-exec-10] INFO  com.cy.interceptor.JwtTokenInterceptor - jwt校验:eyJhbGciOiJIUzI1NiJ9.eyJleHAiOjI0OTU2NTM1ODcsInVzZXJJZCI6MX0.Bo6h6iRc0N3bLlBEKhFsz35T_lijtl5L8EqfkjIlNnE
2026-04-09 19:03:51.546 [http-nio-8080-exec-3] DEBUG com.cy.mapper.UserProfileMapper.selectList - ==>  Preparing: SELECT id,user_id,nickname,avatar,gender FROM user_profile WHERE (user_id = ?) limit 1
2026-04-09 19:03:51.546 [http-nio-8080-exec-3] DEBUG com.cy.mapper.UserProfileMapper.selectList - ==> Parameters: 1(Long)
2026-04-09 19:03:51.548 [http-nio-8080-exec-10] DEBUG com.cy.mapper.UserBodyProfileMapper.selectList - ==>  Preparing: SELECT id,user_id,height,weight,body_fat,age,bmi,bmr,target_calories,update_time FROM user_body_profile WHERE (user_id = ?) limit 1
2026-04-09 19:03:51.549 [http-nio-8080-exec-10] DEBUG com.cy.mapper.UserBodyProfileMapper.selectList - ==> Parameters: 1(Long)
2026-04-09 19:03:51.581 [http-nio-8080-exec-3] DEBUG com.cy.mapper.UserProfileMapper.selectList - <==      Total: 1
2026-04-09 19:03:51.586 [http-nio-8080-exec-10] DEBUG com.cy.mapper.UserBodyProfileMapper.selectList - <==      Total: 1
2026-04-09 19:03:52.560 [http-nio-8080-exec-6] INFO  com.cy.interceptor.JwtTokenInterceptor - jwt校验:eyJhbGciOiJIUzI1NiJ9.eyJleHAiOjI0OTU2NTM1ODcsInVzZXJJZCI6MX0.Bo6h6iRc0N3bLlBEKhFsz35T_lijtl5L8EqfkjIlNnE
2026-04-09 19:03:52.560 [http-nio-8080-exec-5] INFO  com.cy.interceptor.JwtTokenInterceptor - jwt校验:eyJhbGciOiJIUzI1NiJ9.eyJleHAiOjI0OTU2NTM1ODcsInVzZXJJZCI6MX0.Bo6h6iRc0N3bLlBEKhFsz35T_lijtl5L8EqfkjIlNnE
2026-04-09 19:03:52.600 [http-nio-8080-exec-5] DEBUG com.cy.mapper.DietLogMapper.selectList - ==>  Preparing: SELECT id,user_id,date,total_calories,protein,fat,carbs,create_time FROM diet_log WHERE (user_id = ? AND date = ?)
2026-04-09 19:03:52.600 [http-nio-8080-exec-5] DEBUG com.cy.mapper.DietLogMapper.selectList - ==> Parameters: 1(Long), 2026-04-09(LocalDate)
2026-04-09 19:03:52.603 [http-nio-8080-exec-6] DEBUG com.cy.mapper.SessionMapper.pageList_mpCount - ==>  Preparing: SELECT COUNT(*) AS total FROM session WHERE user_id = ? AND create_time >= ? AND create_time <= ?
2026-04-09 19:03:52.604 [http-nio-8080-exec-6] DEBUG com.cy.mapper.SessionMapper.pageList_mpCount - ==> Parameters: 1(Long), 2026-04-09T00:00(LocalDateTime), 2026-04-09T23:59:59.999999999(LocalDateTime)
2026-04-09 19:03:52.638 [http-nio-8080-exec-5] DEBUG com.cy.mapper.DietLogMapper.selectList - <==      Total: 0
2026-04-09 19:03:52.638 [http-nio-8080-exec-6] DEBUG com.cy.mapper.SessionMapper.pageList_mpCount - <==      Total: 1
2026-04-09 19:03:54.997 [http-nio-8080-exec-9] INFO  com.cy.interceptor.JwtTokenInterceptor - jwt校验:eyJhbGciOiJIUzI1NiJ9.eyJleHAiOjI0OTU2NTM1ODcsInVzZXJJZCI6MX0.Bo6h6iRc0N3bLlBEKhFsz35T_lijtl5L8EqfkjIlNnE
2026-04-09 19:03:54.997 [http-nio-8080-exec-8] INFO  com.cy.interceptor.JwtTokenInterceptor - jwt校验:eyJhbGciOiJIUzI1NiJ9.eyJleHAiOjI0OTU2NTM1ODcsInVzZXJJZCI6MX0.Bo6h6iRc0N3bLlBEKhFsz35T_lijtl5L8EqfkjIlNnE
2026-04-09 19:03:55.036 [http-nio-8080-exec-9] DEBUG com.cy.mapper.UserProfileMapper.selectList - ==>  Preparing: SELECT id,user_id,nickname,avatar,gender FROM user_profile WHERE (user_id = ?) limit 1
2026-04-09 19:03:55.036 [http-nio-8080-exec-9] DEBUG com.cy.mapper.UserProfileMapper.selectList - ==> Parameters: 1(Long)
2026-04-09 19:03:55.037 [http-nio-8080-exec-8] DEBUG com.cy.mapper.UserBodyProfileMapper.selectList - ==>  Preparing: SELECT id,user_id,height,weight,body_fat,age,bmi,bmr,target_calories,update_time FROM user_body_profile WHERE (user_id = ?) limit 1
2026-04-09 19:03:55.038 [http-nio-8080-exec-8] DEBUG com.cy.mapper.UserBodyProfileMapper.selectList - ==> Parameters: 1(Long)
2026-04-09 19:03:55.079 [http-nio-8080-exec-9] DEBUG com.cy.mapper.UserProfileMapper.selectList - <==      Total: 1
2026-04-09 19:03:55.079 [http-nio-8080-exec-8] DEBUG com.cy.mapper.UserBodyProfileMapper.selectList - <==      Total: 1
2026-04-09 19:03:55.179 [http-nio-8080-exec-1] INFO  com.cy.interceptor.JwtTokenInterceptor - jwt校验:eyJhbGciOiJIUzI1NiJ9.eyJleHAiOjI0OTU2NTM1ODcsInVzZXJJZCI6MX0.Bo6h6iRc0N3bLlBEKhFsz35T_lijtl5L8EqfkjIlNnE
2026-04-09 19:03:55.180 [http-nio-8080-exec-4] INFO  com.cy.interceptor.JwtTokenInterceptor - jwt校验:eyJhbGciOiJIUzI1NiJ9.eyJleHAiOjI0OTU2NTM1ODcsInVzZXJJZCI6MX0.Bo6h6iRc0N3bLlBEKhFsz35T_lijtl5L8EqfkjIlNnE
2026-04-09 19:03:55.180 [http-nio-8080-exec-2] INFO  com.cy.interceptor.JwtTokenInterceptor - jwt校验:eyJhbGciOiJIUzI1NiJ9.eyJleHAiOjI0OTU2NTM1ODcsInVzZXJJZCI6MX0.Bo6h6iRc0N3bLlBEKhFsz35T_lijtl5L8EqfkjIlNnE
2026-04-09 19:03:55.181 [http-nio-8080-exec-7] INFO  com.cy.interceptor.JwtTokenInterceptor - jwt校验:eyJhbGciOiJIUzI1NiJ9.eyJleHAiOjI0OTU2NTM1ODcsInVzZXJJZCI6MX0.Bo6h6iRc0N3bLlBEKhFsz35T_lijtl5L8EqfkjIlNnE
2026-04-09 19:03:55.182 [http-nio-8080-exec-1] DEBUG com.cy.mapper.DietLogMapper.selectList - ==>  Preparing: SELECT id,user_id,date,total_calories,protein,fat,carbs,create_time FROM diet_log WHERE (user_id = ? AND date BETWEEN ? AND ?) ORDER BY date ASC
2026-04-09 19:03:55.182 [http-nio-8080-exec-4] DEBUG com.cy.mapper.DietLogMapper.selectList - ==>  Preparing: SELECT id,user_id,date,total_calories,protein,fat,carbs,create_time FROM diet_log WHERE (user_id = ? AND date BETWEEN ? AND ?)
2026-04-09 19:03:55.182 [http-nio-8080-exec-7] DEBUG com.cy.mapper.DietLogMapper.selectList - ==>  Preparing: SELECT id,user_id,date,total_calories,protein,fat,carbs,create_time FROM diet_log WHERE (user_id = ? AND date = ?)
2026-04-09 19:03:55.182 [http-nio-8080-exec-1] DEBUG com.cy.mapper.DietLogMapper.selectList - ==> Parameters: 1(Long), 2026-04-03(LocalDate), 2026-04-09(LocalDate)
2026-04-09 19:03:55.182 [http-nio-8080-exec-7] DEBUG com.cy.mapper.DietLogMapper.selectList - ==> Parameters: 1(Long), 2026-04-09(LocalDate)
2026-04-09 19:03:55.182 [http-nio-8080-exec-4] DEBUG com.cy.mapper.DietLogMapper.selectList - ==> Parameters: 1(Long), 2026-04-03(LocalDate), 2026-04-09(LocalDate)
2026-04-09 19:03:55.214 [http-nio-8080-exec-4] DEBUG com.cy.mapper.DietLogMapper.selectList - <==      Total: 6
2026-04-09 19:03:55.217 [http-nio-8080-exec-1] DEBUG com.cy.mapper.DietLogMapper.selectList - <==      Total: 6
2026-04-09 19:03:55.222 [http-nio-8080-exec-7] DEBUG com.cy.mapper.DietLogMapper.selectList - <==      Total: 0
2026-04-09 19:03:55.222 [http-nio-8080-exec-2] DEBUG com.cy.mapper.DietLogMapper.selectList - ==>  Preparing: SELECT id,user_id,date,total_calories,protein,fat,carbs,create_time FROM diet_log WHERE (user_id = ?) ORDER BY date DESC
2026-04-09 19:03:55.223 [http-nio-8080-exec-2] DEBUG com.cy.mapper.DietLogMapper.selectList - ==> Parameters: 1(Long)
2026-04-09 19:03:55.261 [http-nio-8080-exec-2] DEBUG com.cy.mapper.DietLogMapper.selectList - <==      Total: 7
